<?xml version="1.0" encoding="UTF-8"?>
<testng-results ignored="0" total="4" passed="4" failed="0" skipped="0">
  <reporter-output>
  </reporter-output>
  <suite started-at="2020-02-06T20:39:57 IST" name="Default suite" finished-at="2020-02-06T20:40:56 IST" duration-ms="59039">
    <groups>
    </groups>
    <test started-at="2020-02-06T20:39:57 IST" name="Default test" finished-at="2020-02-06T20:40:56 IST" duration-ms="59039">
      <class name="com.training.sanity.tests.TC0035_AddUserAndView">
        <test-method is-config="true" signature="setUpBeforeTest()[pri:0, instance:com.training.sanity.tests.TC0035_AddUserAndView@124c278f]" started-at="2020-02-06T20:39:57 IST" name="setUpBeforeTest" finished-at="2020-02-06T20:40:19 IST" duration-ms="21994" status="PASS">
          <reporter-output>
          </reporter-output>
        </test-method> <!-- setUpBeforeTest -->
        <test-method signature="adminLogin()[pri:1, instance:com.training.sanity.tests.TC0035_AddUserAndView@124c278f]" started-at="2020-02-06T20:40:19 IST" name="adminLogin" finished-at="2020-02-06T20:40:28 IST" duration-ms="9191" status="PASS">
          <reporter-output>
          </reporter-output>
        </test-method> <!-- adminLogin -->
        <test-method signature="registerNewUser()[pri:2, instance:com.training.sanity.tests.TC0035_AddUserAndView@124c278f]" started-at="2020-02-06T20:40:28 IST" name="registerNewUser" finished-at="2020-02-06T20:40:41 IST" duration-ms="12424" status="PASS">
          <reporter-output>
          </reporter-output>
        </test-method> <!-- registerNewUser -->
        <test-method signature="viewAddedNewUser()[pri:3, instance:com.training.sanity.tests.TC0035_AddUserAndView@124c278f]" started-at="2020-02-06T20:40:41 IST" name="viewAddedNewUser" finished-at="2020-02-06T20:40:47 IST" duration-ms="6019" status="PASS">
          <reporter-output>
          </reporter-output>
        </test-method> <!-- viewAddedNewUser -->
        <test-method signature="LogOut()[pri:4, instance:com.training.sanity.tests.TC0035_AddUserAndView@124c278f]" started-at="2020-02-06T20:40:47 IST" name="LogOut" finished-at="2020-02-06T20:40:54 IST" duration-ms="7524" status="PASS">
          <reporter-output>
          </reporter-output>
        </test-method> <!-- LogOut -->
        <test-method is-config="true" signature="tearDown()[pri:0, instance:com.training.sanity.tests.TC0035_AddUserAndView@124c278f]" started-at="2020-02-06T20:40:54 IST" name="tearDown" finished-at="2020-02-06T20:40:56 IST" duration-ms="1826" status="PASS">
          <reporter-output>
          </reporter-output>
        </test-method> <!-- tearDown -->
      </class> <!-- com.training.sanity.tests.TC0035_AddUserAndView -->
    </test> <!-- Default test -->
  </suite> <!-- Default suite -->
</testng-results>
