<?xml version="1.0" encoding="UTF-8"?>
<testng-results ignored="0" total="3" passed="3" failed="0" skipped="0">
  <reporter-output>
  </reporter-output>
  <suite started-at="2020-02-03T20:43:59 IST" name="Default suite" finished-at="2020-02-03T20:44:41 IST" duration-ms="42058">
    <groups>
    </groups>
    <test started-at="2020-02-03T20:43:59 IST" name="Default test" finished-at="2020-02-03T20:44:41 IST" duration-ms="42058">
      <class name="com.training.sanity.tests.TC005_PasswordChange">
        <test-method is-config="true" signature="setUpBeforeClass()[pri:0, instance:com.training.sanity.tests.TC005_PasswordChange@147ed70f]" started-at="2020-02-03T20:43:59 IST" name="setUpBeforeClass" finished-at="2020-02-03T20:44:23 IST" duration-ms="24258" status="PASS">
          <reporter-output>
          </reporter-output>
        </test-method> <!-- setUpBeforeClass -->
        <test-method signature="Login()[pri:1, instance:com.training.sanity.tests.TC005_PasswordChange@147ed70f]" started-at="2020-02-03T20:44:23 IST" name="Login" finished-at="2020-02-03T20:44:28 IST" duration-ms="4892" status="PASS">
          <reporter-output>
          </reporter-output>
        </test-method> <!-- Login -->
        <test-method signature="ChangePassword()[pri:2, instance:com.training.sanity.tests.TC005_PasswordChange@147ed70f]" started-at="2020-02-03T20:44:28 IST" name="ChangePassword" finished-at="2020-02-03T20:44:37 IST" duration-ms="9361" status="PASS">
          <reporter-output>
          </reporter-output>
        </test-method> <!-- ChangePassword -->
        <test-method signature="LogOut()[pri:3, instance:com.training.sanity.tests.TC005_PasswordChange@147ed70f]" started-at="2020-02-03T20:44:37 IST" name="LogOut" finished-at="2020-02-03T20:44:40 IST" duration-ms="2472" status="PASS">
          <reporter-output>
          </reporter-output>
        </test-method> <!-- LogOut -->
        <test-method is-config="true" signature="tearDown()[pri:0, instance:com.training.sanity.tests.TC005_PasswordChange@147ed70f]" started-at="2020-02-03T20:44:40 IST" name="tearDown" finished-at="2020-02-03T20:44:41 IST" duration-ms="1017" status="PASS">
          <reporter-output>
          </reporter-output>
        </test-method> <!-- tearDown -->
      </class> <!-- com.training.sanity.tests.TC005_PasswordChange -->
    </test> <!-- Default test -->
  </suite> <!-- Default suite -->
</testng-results>
