<?xml version="1.0" encoding="UTF-8"?>
<!-- Generated by org.testng.reporters.JUnitXMLReporter -->
<testsuite ignored="0" hostname="DESKTOP-3S555CM" failures="0" tests="3" name="Default test" time="42.058" errors="0" timestamp="2020-02-03T20:44:41 IST">
  <testcase classname="com.training.sanity.tests.TC002_UserLoginLogout" name="Login" time="4.892"/>
  <testcase classname="com.training.sanity.tests.TC005_PasswordChange" name="ChangePassword" time="9.361"/>
  <testcase classname="com.training.sanity.tests.TC002_UserLoginLogout" name="LogOut" time="2.472"/>
</testsuite> <!-- Default test -->
